<?xml version="1.0" encoding="UTF-8"?>
<!-- Generated by org.testng.reporters.JUnitReportReporter -->
<testsuite hostname="LAPTOP-6SC09550" failures="0" tests="1" name="NewTest" time="0.050" errors="0" timestamp="16 Aug 2021 08:53:35 GMT" skipped="0">
  <testcase classname="NewTest" name="f" time="0.050"/>
</testsuite> <!-- NewTest -->
